{"@timestamp":"2022-10-04T22:55:44.630+07:00","level":"INFO","logger_name":"source.LearnEApplication","message":"Starting LearnEApplication using Java 1.8.0_202 on 1-HUNGDAO1-W with PID 13688 (C:\\my workspace\\LearnE\\LearnE-Backend-Service-Course\\LearnE\\target\\classes started by hung.dao1_onemount in C:\\my workspace\\LearnE\\LearnE-Backend-Service-Course\\LearnE)","thread_name":"restartedMain"}
{"@timestamp":"2022-10-04T22:55:44.628+07:00","level":"INFO","logger_name":"org.hibernate.validator.internal.util.Version","message":"HV000001: Hibernate Validator 6.2.4.Final","thread_name":"background-preinit"}
{"@timestamp":"2022-10-04T22:55:44.641+07:00","level":"INFO","logger_name":"source.LearnEApplication","message":"The following 1 profile is active: \"backup\"","thread_name":"restartedMain"}
{"@timestamp":"2022-10-04T22:55:44.702+07:00","level":"INFO","logger_name":"org.springframework.boot.devtools.env.DevToolsPropertyDefaultsPostProcessor","message":"Devtools property defaults active! Set 'spring.devtools.add-properties' to 'false' to disable","thread_name":"restartedMain"}
{"@timestamp":"2022-10-04T22:55:44.702+07:00","level":"INFO","logger_name":"org.springframework.boot.devtools.env.DevToolsPropertyDefaultsPostProcessor","message":"For additional web related logging consider setting the 'logging.level.web' property to 'DEBUG'","thread_name":"restartedMain"}
{"@timestamp":"2022-10-04T22:55:52.023+07:00","level":"INFO","logger_name":"org.springframework.data.repository.config.RepositoryConfigurationDelegate","message":"Bootstrapping Spring Data JPA repositories in DEFAULT mode.","thread_name":"restartedMain"}
{"@timestamp":"2022-10-04T22:55:52.475+07:00","level":"INFO","logger_name":"org.springframework.data.repository.config.RepositoryConfigurationDelegate","message":"Finished Spring Data repository scanning in 419 ms. Found 7 JPA repository interfaces.","thread_name":"restartedMain"}
{"@timestamp":"2022-10-04T22:55:53.897+07:00","level":"INFO","logger_name":"org.springframework.boot.web.embedded.tomcat.TomcatWebServer","message":"Tomcat initialized with port(s): 6013 (http)","thread_name":"restartedMain"}
{"@timestamp":"2022-10-04T22:55:53.910+07:00","level":"INFO","logger_name":"org.apache.coyote.http11.Http11NioProtocol","message":"Initializing ProtocolHandler [\"http-nio-6013\"]","thread_name":"restartedMain"}
{"@timestamp":"2022-10-04T22:55:53.911+07:00","level":"INFO","logger_name":"org.apache.catalina.core.StandardService","message":"Starting service [Tomcat]","thread_name":"restartedMain"}
{"@timestamp":"2022-10-04T22:55:53.912+07:00","level":"INFO","logger_name":"org.apache.catalina.core.StandardEngine","message":"Starting Servlet engine: [Apache Tomcat/9.0.65]","thread_name":"restartedMain"}
{"@timestamp":"2022-10-04T22:55:54.223+07:00","level":"INFO","logger_name":"org.apache.catalina.core.ContainerBase.[Tomcat].[localhost].[/]","message":"Initializing Spring embedded WebApplicationContext","thread_name":"restartedMain"}
{"@timestamp":"2022-10-04T22:55:54.224+07:00","level":"INFO","logger_name":"org.springframework.boot.web.servlet.context.ServletWebServerApplicationContext","message":"Root WebApplicationContext: initialization completed in 9521 ms","thread_name":"restartedMain"}
{"@timestamp":"2022-10-04T22:55:54.407+07:00","level":"INFO","logger_name":"com.zaxxer.hikari.HikariDataSource","message":"HikariPool-1 - Starting...","thread_name":"restartedMain"}
{"@timestamp":"2022-10-04T22:55:56.092+07:00","level":"INFO","logger_name":"com.zaxxer.hikari.HikariDataSource","message":"HikariPool-1 - Start completed.","thread_name":"restartedMain"}
{"@timestamp":"2022-10-04T22:55:56.174+07:00","level":"INFO","logger_name":"org.hibernate.jpa.internal.util.LogHelper","message":"HHH000204: Processing PersistenceUnitInfo [name: default]","thread_name":"restartedMain"}
{"@timestamp":"2022-10-04T22:55:56.279+07:00","level":"INFO","logger_name":"org.hibernate.Version","message":"HHH000412: Hibernate ORM core version 5.6.10.Final","thread_name":"restartedMain"}
{"@timestamp":"2022-10-04T22:55:56.534+07:00","level":"INFO","logger_name":"org.hibernate.annotations.common.Version","message":"HCANN000001: Hibernate Commons Annotations {5.1.2.Final}","thread_name":"restartedMain"}
{"@timestamp":"2022-10-04T22:55:56.708+07:00","level":"INFO","logger_name":"org.hibernate.dialect.Dialect","message":"HHH000400: Using dialect: org.hibernate.dialect.MySQL8Dialect","thread_name":"restartedMain"}
{"@timestamp":"2022-10-04T22:55:57.713+07:00","level":"INFO","logger_name":"org.hibernate.engine.transaction.jta.platform.internal.JtaPlatformInitiator","message":"HHH000490: Using JtaPlatform implementation: [org.hibernate.engine.transaction.jta.platform.internal.NoJtaPlatform]","thread_name":"restartedMain"}
{"@timestamp":"2022-10-04T22:55:57.725+07:00","level":"INFO","logger_name":"org.springframework.orm.jpa.LocalContainerEntityManagerFactoryBean","message":"Initialized JPA EntityManagerFactory for persistence unit 'default'","thread_name":"restartedMain"}
{"@timestamp":"2022-10-04T22:55:58.889+07:00","level":"WARN","logger_name":"org.springframework.boot.autoconfigure.orm.jpa.JpaBaseConfiguration$JpaWebConfiguration","message":"spring.jpa.open-in-view is enabled by default. Therefore, database queries may be performed during view rendering. Explicitly configure spring.jpa.open-in-view to disable this warning","thread_name":"restartedMain"}
{"@timestamp":"2022-10-04T22:55:59.578+07:00","level":"INFO","logger_name":"org.springframework.boot.devtools.autoconfigure.OptionalLiveReloadServer","message":"LiveReload server is running on port 35729","thread_name":"restartedMain"}
{"@timestamp":"2022-10-04T22:55:59.610+07:00","level":"INFO","logger_name":"org.apache.coyote.http11.Http11NioProtocol","message":"Starting ProtocolHandler [\"http-nio-6013\"]","thread_name":"restartedMain"}
{"@timestamp":"2022-10-04T22:55:59.649+07:00","level":"INFO","logger_name":"org.springframework.boot.web.embedded.tomcat.TomcatWebServer","message":"Tomcat started on port(s): 6013 (http) with context path ''","thread_name":"restartedMain"}
{"@timestamp":"2022-10-04T22:55:59.668+07:00","level":"INFO","logger_name":"source.LearnEApplication","message":"Started LearnEApplication in 15.579 seconds (JVM running for 19.123)","thread_name":"restartedMain"}
{"@timestamp":"2022-10-04T23:27:12.530+07:00","level":"INFO","logger_name":"org.hibernate.validator.internal.util.Version","message":"HV000001: Hibernate Validator 6.2.4.Final","thread_name":"background-preinit"}
{"@timestamp":"2022-10-04T23:27:12.536+07:00","level":"INFO","logger_name":"source.LearnEApplication","message":"Starting LearnEApplication using Java 1.8.0_202 on 1-HUNGDAO1-W with PID 15264 (C:\\my workspace\\LearnE\\LearnE-Backend-Service-Course\\LearnE\\target\\classes started by hung.dao1_onemount in C:\\my workspace\\LearnE\\LearnE-Backend-Service-Course\\LearnE)","thread_name":"restartedMain"}
{"@timestamp":"2022-10-04T23:27:12.547+07:00","level":"INFO","logger_name":"source.LearnEApplication","message":"The following 1 profile is active: \"backup\"","thread_name":"restartedMain"}
{"@timestamp":"2022-10-04T23:27:12.633+07:00","level":"INFO","logger_name":"org.springframework.boot.devtools.env.DevToolsPropertyDefaultsPostProcessor","message":"Devtools property defaults active! Set 'spring.devtools.add-properties' to 'false' to disable","thread_name":"restartedMain"}
{"@timestamp":"2022-10-04T23:27:12.634+07:00","level":"INFO","logger_name":"org.springframework.boot.devtools.env.DevToolsPropertyDefaultsPostProcessor","message":"For additional web related logging consider setting the 'logging.level.web' property to 'DEBUG'","thread_name":"restartedMain"}
{"@timestamp":"2022-10-04T23:27:14.243+07:00","level":"INFO","logger_name":"org.springframework.data.repository.config.RepositoryConfigurationDelegate","message":"Bootstrapping Spring Data JPA repositories in DEFAULT mode.","thread_name":"restartedMain"}
{"@timestamp":"2022-10-04T23:27:14.401+07:00","level":"INFO","logger_name":"org.springframework.data.repository.config.RepositoryConfigurationDelegate","message":"Finished Spring Data repository scanning in 144 ms. Found 7 JPA repository interfaces.","thread_name":"restartedMain"}
{"@timestamp":"2022-10-04T23:27:15.361+07:00","level":"INFO","logger_name":"org.springframework.boot.web.embedded.tomcat.TomcatWebServer","message":"Tomcat initialized with port(s): 6013 (http)","thread_name":"restartedMain"}
{"@timestamp":"2022-10-04T23:27:15.370+07:00","level":"INFO","logger_name":"org.apache.coyote.http11.Http11NioProtocol","message":"Initializing ProtocolHandler [\"http-nio-6013\"]","thread_name":"restartedMain"}
{"@timestamp":"2022-10-04T23:27:15.371+07:00","level":"INFO","logger_name":"org.apache.catalina.core.StandardService","message":"Starting service [Tomcat]","thread_name":"restartedMain"}
{"@timestamp":"2022-10-04T23:27:15.371+07:00","level":"INFO","logger_name":"org.apache.catalina.core.StandardEngine","message":"Starting Servlet engine: [Apache Tomcat/9.0.65]","thread_name":"restartedMain"}
{"@timestamp":"2022-10-04T23:27:15.556+07:00","level":"INFO","logger_name":"org.apache.catalina.core.ContainerBase.[Tomcat].[localhost].[/]","message":"Initializing Spring embedded WebApplicationContext","thread_name":"restartedMain"}
{"@timestamp":"2022-10-04T23:27:15.556+07:00","level":"INFO","logger_name":"org.springframework.boot.web.servlet.context.ServletWebServerApplicationContext","message":"Root WebApplicationContext: initialization completed in 2921 ms","thread_name":"restartedMain"}
{"@timestamp":"2022-10-04T23:27:15.693+07:00","level":"INFO","logger_name":"com.zaxxer.hikari.HikariDataSource","message":"HikariPool-1 - Starting...","thread_name":"restartedMain"}
{"@timestamp":"2022-10-04T23:27:16.636+07:00","level":"INFO","logger_name":"com.zaxxer.hikari.HikariDataSource","message":"HikariPool-1 - Start completed.","thread_name":"restartedMain"}
{"@timestamp":"2022-10-04T23:27:16.703+07:00","level":"INFO","logger_name":"org.hibernate.jpa.internal.util.LogHelper","message":"HHH000204: Processing PersistenceUnitInfo [name: default]","thread_name":"restartedMain"}
{"@timestamp":"2022-10-04T23:27:16.760+07:00","level":"INFO","logger_name":"org.hibernate.Version","message":"HHH000412: Hibernate ORM core version 5.6.10.Final","thread_name":"restartedMain"}
{"@timestamp":"2022-10-04T23:27:16.948+07:00","level":"INFO","logger_name":"org.hibernate.annotations.common.Version","message":"HCANN000001: Hibernate Commons Annotations {5.1.2.Final}","thread_name":"restartedMain"}
{"@timestamp":"2022-10-04T23:27:17.076+07:00","level":"INFO","logger_name":"org.hibernate.dialect.Dialect","message":"HHH000400: Using dialect: org.hibernate.dialect.MySQL8Dialect","thread_name":"restartedMain"}
{"@timestamp":"2022-10-04T23:27:17.951+07:00","level":"INFO","logger_name":"org.hibernate.engine.transaction.jta.platform.internal.JtaPlatformInitiator","message":"HHH000490: Using JtaPlatform implementation: [org.hibernate.engine.transaction.jta.platform.internal.NoJtaPlatform]","thread_name":"restartedMain"}
{"@timestamp":"2022-10-04T23:27:17.963+07:00","level":"INFO","logger_name":"org.springframework.orm.jpa.LocalContainerEntityManagerFactoryBean","message":"Initialized JPA EntityManagerFactory for persistence unit 'default'","thread_name":"restartedMain"}
{"@timestamp":"2022-10-04T23:27:18.768+07:00","level":"WARN","logger_name":"org.springframework.boot.autoconfigure.orm.jpa.JpaBaseConfiguration$JpaWebConfiguration","message":"spring.jpa.open-in-view is enabled by default. Therefore, database queries may be performed during view rendering. Explicitly configure spring.jpa.open-in-view to disable this warning","thread_name":"restartedMain"}
{"@timestamp":"2022-10-04T23:27:19.161+07:00","level":"INFO","logger_name":"org.springframework.boot.devtools.autoconfigure.OptionalLiveReloadServer","message":"LiveReload server is running on port 35729","thread_name":"restartedMain"}
{"@timestamp":"2022-10-04T23:27:19.180+07:00","level":"INFO","logger_name":"org.apache.coyote.http11.Http11NioProtocol","message":"Starting ProtocolHandler [\"http-nio-6013\"]","thread_name":"restartedMain"}
{"@timestamp":"2022-10-04T23:27:19.199+07:00","level":"INFO","logger_name":"org.springframework.boot.web.embedded.tomcat.TomcatWebServer","message":"Tomcat started on port(s): 6013 (http) with context path ''","thread_name":"restartedMain"}
{"@timestamp":"2022-10-04T23:27:19.209+07:00","level":"INFO","logger_name":"source.LearnEApplication","message":"Started LearnEApplication in 7.393 seconds (JVM running for 10.992)","thread_name":"restartedMain"}
{"@timestamp":"2022-10-04T23:28:23.221+07:00","level":"INFO","logger_name":"org.apache.catalina.core.ContainerBase.[Tomcat].[localhost].[/]","message":"Initializing Spring DispatcherServlet 'dispatcherServlet'","thread_name":"http-nio-6013-exec-1"}
{"@timestamp":"2022-10-04T23:28:23.221+07:00","level":"INFO","logger_name":"org.springframework.web.servlet.DispatcherServlet","message":"Initializing Servlet 'dispatcherServlet'","thread_name":"http-nio-6013-exec-1"}
{"@timestamp":"2022-10-04T23:28:23.222+07:00","level":"INFO","logger_name":"org.springframework.web.servlet.DispatcherServlet","message":"Completed initialization in 1 ms","thread_name":"http-nio-6013-exec-1"}
{"@timestamp":"2022-10-04T23:28:23.419+07:00","level":"INFO","logger_name":"source.annotation.LogsActivityAOPHandler","message":{"name":"Toeic 101","author":"Hung Dao","image":"image","description":"Đây là khóa học toeic cho người mới bắt đầu","level":null,"price":null,"chapters":[{"id":null,"createTime":null,"updateTime":null,"name":"Noun","lessons":[{"id":null,"createTime":null,"updateTime":null,"name":"lesson 1","duration":null,"description":"Single Noun","video":"video1","lessonExercises":[{"id":null,"createTime":null,"updateTime":null,"name":null,"description":null,"lessonQuestions":null},{"id":null,"createTime":null,"updateTime":null,"name":null,"description":null,"lessonQuestions":null}]},{"id":null,"createTime":null,"updateTime":null,"name":"lesson 2","duration":null,"description":"Pural Noun","video":"video2","lessonExercises":[{"id":null,"createTime":null,"updateTime":null,"name":null,"description":null,"lessonQuestions":null},{"id":null,"createTime":null,"updateTime":null,"name":null,"description":null,"lessonQuestions":null}]}]}],"targets":null,"requests":null,"request_id":"8f166ddb-4a23-4c9b-99d9-7523293aa49e","uri":"/courses/create"},"thread_name":"http-nio-6013-exec-1","code_file":"source.controller.CourseController","method_name":"createCourse","service_name":"service-course","request_path":"/courses/create","message_type":"request","request_id":"8f166ddb-4a23-4c9b-99d9-7523293aa49e"}
{"@timestamp":"2022-10-04T23:35:36.137+07:00","level":"INFO","logger_name":"source.annotation.LogsActivityAOPHandler","message":{"name":"Toeic 101","author":"Hung Dao","image":"image","description":"Đây là khóa học toeic cho người mới bắt đầu","level":null,"price":null,"chapters":[{"id":null,"createTime":null,"updateTime":null,"name":"Noun","lessons":[{"id":null,"createTime":null,"updateTime":null,"name":"lesson 1","duration":null,"description":"Single Noun","video":"video1","lessonExercises":[{"id":null,"createTime":null,"updateTime":null,"name":null,"description":null,"lessonQuestions":null},{"id":null,"createTime":null,"updateTime":null,"name":null,"description":null,"lessonQuestions":null}]},{"id":null,"createTime":null,"updateTime":null,"name":"lesson 2","duration":null,"description":"Pural Noun","video":"video2","lessonExercises":[{"id":null,"createTime":null,"updateTime":null,"name":null,"description":null,"lessonQuestions":null},{"id":null,"createTime":null,"updateTime":null,"name":null,"description":null,"lessonQuestions":null}]}]}],"targets":null,"requests":null,"request_id":"a089daf3-e136-4a3c-99cb-c0434730a299","uri":"/courses/create"},"thread_name":"http-nio-6013-exec-5","code_file":"source.controller.CourseController","method_name":"createCourse","service_name":"service-course","request_path":"/courses/create","message_type":"request","request_id":"a089daf3-e136-4a3c-99cb-c0434730a299"}
{"@timestamp":"2022-10-04T23:35:56.394+07:00","level":"INFO","logger_name":"source.annotation.LogsActivityAOPHandler","message":{"name":"Toeic 101","author":"Hung Dao","image":"image","description":"Đây là khóa học toeic cho người mới bắt đầu","level":null,"price":null,"chapters":[{"id":null,"createTime":null,"updateTime":null,"name":"Noun","lessons":[{"id":null,"createTime":null,"updateTime":null,"name":"lesson 1","duration":null,"description":"Single Noun","video":"video1","lessonExercises":[{"id":null,"createTime":null,"updateTime":null,"name":null,"description":null,"lessonQuestions":null},{"id":null,"createTime":null,"updateTime":null,"name":null,"description":null,"lessonQuestions":null}]},{"id":null,"createTime":null,"updateTime":null,"name":"lesson 2","duration":null,"description":"Pural Noun","video":"video2","lessonExercises":[{"id":null,"createTime":null,"updateTime":null,"name":null,"description":null,"lessonQuestions":null},{"id":null,"createTime":null,"updateTime":null,"name":null,"description":null,"lessonQuestions":null}]}]}],"targets":null,"requests":null,"request_id":"a6aa67df-9b58-470e-a7c7-fdc6eaf1f4d8","uri":"/courses/create"},"thread_name":"http-nio-6013-exec-6","code_file":"source.controller.CourseController","method_name":"createCourse","service_name":"service-course","request_path":"/courses/create","message_type":"request","request_id":"a6aa67df-9b58-470e-a7c7-fdc6eaf1f4d8"}
{"@timestamp":"2022-10-04T23:40:26.335+07:00","level":"INFO","logger_name":"org.hibernate.validator.internal.util.Version","message":"HV000001: Hibernate Validator 6.2.4.Final","thread_name":"background-preinit"}
{"@timestamp":"2022-10-04T23:40:26.339+07:00","level":"INFO","logger_name":"source.LearnEApplication","message":"Starting LearnEApplication using Java 1.8.0_202 on 1-HUNGDAO1-W with PID 18072 (C:\\my workspace\\LearnE\\LearnE-Backend-Service-Course\\LearnE\\target\\classes started by hung.dao1_onemount in C:\\my workspace\\LearnE\\LearnE-Backend-Service-Course\\LearnE)","thread_name":"restartedMain"}
{"@timestamp":"2022-10-04T23:40:26.347+07:00","level":"INFO","logger_name":"source.LearnEApplication","message":"The following 1 profile is active: \"backup\"","thread_name":"restartedMain"}
{"@timestamp":"2022-10-04T23:40:26.415+07:00","level":"INFO","logger_name":"org.springframework.boot.devtools.env.DevToolsPropertyDefaultsPostProcessor","message":"Devtools property defaults active! Set 'spring.devtools.add-properties' to 'false' to disable","thread_name":"restartedMain"}
{"@timestamp":"2022-10-04T23:40:26.416+07:00","level":"INFO","logger_name":"org.springframework.boot.devtools.env.DevToolsPropertyDefaultsPostProcessor","message":"For additional web related logging consider setting the 'logging.level.web' property to 'DEBUG'","thread_name":"restartedMain"}
{"@timestamp":"2022-10-04T23:40:28.559+07:00","level":"INFO","logger_name":"org.springframework.data.repository.config.RepositoryConfigurationDelegate","message":"Bootstrapping Spring Data JPA repositories in DEFAULT mode.","thread_name":"restartedMain"}
{"@timestamp":"2022-10-04T23:40:28.684+07:00","level":"INFO","logger_name":"org.springframework.data.repository.config.RepositoryConfigurationDelegate","message":"Finished Spring Data repository scanning in 114 ms. Found 7 JPA repository interfaces.","thread_name":"restartedMain"}
{"@timestamp":"2022-10-04T23:40:29.657+07:00","level":"INFO","logger_name":"org.springframework.boot.web.embedded.tomcat.TomcatWebServer","message":"Tomcat initialized with port(s): 6013 (http)","thread_name":"restartedMain"}
{"@timestamp":"2022-10-04T23:40:29.668+07:00","level":"INFO","logger_name":"org.apache.coyote.http11.Http11NioProtocol","message":"Initializing ProtocolHandler [\"http-nio-6013\"]","thread_name":"restartedMain"}
{"@timestamp":"2022-10-04T23:40:29.669+07:00","level":"INFO","logger_name":"org.apache.catalina.core.StandardService","message":"Starting service [Tomcat]","thread_name":"restartedMain"}
{"@timestamp":"2022-10-04T23:40:29.669+07:00","level":"INFO","logger_name":"org.apache.catalina.core.StandardEngine","message":"Starting Servlet engine: [Apache Tomcat/9.0.65]","thread_name":"restartedMain"}
{"@timestamp":"2022-10-04T23:40:29.887+07:00","level":"INFO","logger_name":"org.apache.catalina.core.ContainerBase.[Tomcat].[localhost].[/]","message":"Initializing Spring embedded WebApplicationContext","thread_name":"restartedMain"}
{"@timestamp":"2022-10-04T23:40:29.887+07:00","level":"INFO","logger_name":"org.springframework.boot.web.servlet.context.ServletWebServerApplicationContext","message":"Root WebApplicationContext: initialization completed in 3470 ms","thread_name":"restartedMain"}
{"@timestamp":"2022-10-04T23:40:30.031+07:00","level":"INFO","logger_name":"com.zaxxer.hikari.HikariDataSource","message":"HikariPool-1 - Starting...","thread_name":"restartedMain"}
{"@timestamp":"2022-10-04T23:40:31.129+07:00","level":"INFO","logger_name":"com.zaxxer.hikari.HikariDataSource","message":"HikariPool-1 - Start completed.","thread_name":"restartedMain"}
{"@timestamp":"2022-10-04T23:40:31.203+07:00","level":"INFO","logger_name":"org.hibernate.jpa.internal.util.LogHelper","message":"HHH000204: Processing PersistenceUnitInfo [name: default]","thread_name":"restartedMain"}
{"@timestamp":"2022-10-04T23:40:31.268+07:00","level":"INFO","logger_name":"org.hibernate.Version","message":"HHH000412: Hibernate ORM core version 5.6.10.Final","thread_name":"restartedMain"}
{"@timestamp":"2022-10-04T23:40:31.466+07:00","level":"INFO","logger_name":"org.hibernate.annotations.common.Version","message":"HCANN000001: Hibernate Commons Annotations {5.1.2.Final}","thread_name":"restartedMain"}
{"@timestamp":"2022-10-04T23:40:31.664+07:00","level":"INFO","logger_name":"org.hibernate.dialect.Dialect","message":"HHH000400: Using dialect: org.hibernate.dialect.MySQL8Dialect","thread_name":"restartedMain"}
{"@timestamp":"2022-10-04T23:40:33.489+07:00","level":"INFO","logger_name":"org.hibernate.engine.transaction.jta.platform.internal.JtaPlatformInitiator","message":"HHH000490: Using JtaPlatform implementation: [org.hibernate.engine.transaction.jta.platform.internal.NoJtaPlatform]","thread_name":"restartedMain"}
{"@timestamp":"2022-10-04T23:40:33.505+07:00","level":"INFO","logger_name":"org.springframework.orm.jpa.LocalContainerEntityManagerFactoryBean","message":"Initialized JPA EntityManagerFactory for persistence unit 'default'","thread_name":"restartedMain"}
{"@timestamp":"2022-10-04T23:40:34.612+07:00","level":"WARN","logger_name":"org.springframework.boot.autoconfigure.orm.jpa.JpaBaseConfiguration$JpaWebConfiguration","message":"spring.jpa.open-in-view is enabled by default. Therefore, database queries may be performed during view rendering. Explicitly configure spring.jpa.open-in-view to disable this warning","thread_name":"restartedMain"}
{"@timestamp":"2022-10-04T23:40:35.065+07:00","level":"INFO","logger_name":"org.springframework.boot.devtools.autoconfigure.OptionalLiveReloadServer","message":"LiveReload server is running on port 35729","thread_name":"restartedMain"}
{"@timestamp":"2022-10-04T23:40:35.083+07:00","level":"INFO","logger_name":"org.apache.coyote.http11.Http11NioProtocol","message":"Starting ProtocolHandler [\"http-nio-6013\"]","thread_name":"restartedMain"}
{"@timestamp":"2022-10-04T23:40:35.105+07:00","level":"INFO","logger_name":"org.springframework.boot.web.embedded.tomcat.TomcatWebServer","message":"Tomcat started on port(s): 6013 (http) with context path ''","thread_name":"restartedMain"}
{"@timestamp":"2022-10-04T23:40:35.120+07:00","level":"INFO","logger_name":"source.LearnEApplication","message":"Started LearnEApplication in 9.216 seconds (JVM running for 11.685)","thread_name":"restartedMain"}
